<?xml version="1.0" encoding="UTF-8"?>
<!-- Generated by org.testng.reporters.JUnitReportReporter -->
<testsuite hostname="EQHP-R38G-12" failures="1" tests="63" name="Tests.Registry_Module3_MLE_Tests" time="4429.337" errors="5" timestamp="2023-08-28T20:17:48 IST" skipped="20">
  <testcase classname="Tests.Registry_Module3_MLE_Tests" name="Verification_of_Cancel_button_on_Edit_Limited_Exemption_Records_card" time="60.597">
    <skipped/>
  </testcase> <!-- Verification_of_Cancel_button_on_Edit_Limited_Exemption_Records_card -->
  <system-out/>
  <testcase classname="Tests.Registry_Module3_MLE_Tests" name="Verification_of_Cancel_button_on_Edit_Limited_Exemption_Records_card" time="53.123">
    <error message="element click intercepted: Element &lt;button class=&quot;MuiButtonBase-root MuiButton-root MuiButton-contained MuiButton-containedPrimary MuiButton-sizeMedium MuiButton-containedSizeMedium MuiButton-disableElevation MuiButton-root MuiButton-contained MuiButton-containedPrimary MuiButton-sizeMedium MuiButton-containedSizeMedium MuiButton-disableElevation css-jpwkzc&quot; tabindex=&quot;0&quot; type=&quot;button&quot; data-testid=&quot;more-actions&quot; aria-haspopup=&quot;true&quot;&gt;...&lt;/button&gt; is not clickable at point (1420, 176). Other element would receive the click: &lt;div aria-hidden=&quot;true&quot; class=&quot;MuiBackdrop-root css-1hy3nus&quot; style=&quot;opacity: 1; transition: opacity 225ms cubic-bezier(0.4, 0, 0.2, 1) 0ms;&quot;&gt;...&lt;/div&gt;
  (Session info: chrome=116.0.5845.111)
Build info: version: &#039;3.141.59&#039;, revision: &#039;e82be7d358&#039;, time: &#039;2018-11-14T08:17:03&#039;
System info: host: &#039;EQHP-R38G-12&#039;, ip: &#039;192.168.0.159&#039;, os.name: &#039;Windows 11&#039;, os.arch: &#039;amd64&#039;, os.version: &#039;10.0&#039;, java.version: &#039;17.0.6&#039;
Driver info: org.openqa.selenium.chrome.ChromeDriver
Capabilities {acceptInsecureCerts: false, browserName: chrome, browserVersion: 116.0.5845.111, chrome: {chromedriverVersion: 116.0.5845.96 (1a3918166880..., userDataDir: C:\Users\SHIVAN~1\AppData\L...}, fedcm:accounts: true, goog:chromeOptions: {debuggerAddress: localhost:58727}, javascriptEnabled: true, networkConnectionEnabled: false, pageLoadStrategy: normal, platform: WINDOWS, platformName: WINDOWS, proxy: Proxy(), setWindowRect: true, strictFileInteractability: false, timeouts: {implicit: 0, pageLoad: 300000, script: 30000}, unhandledPromptBehavior: dismiss and notify, webauthn:extension:credBlob: true, webauthn:extension:largeBlob: true, webauthn:extension:minPinLength: true, webauthn:extension:prf: true, webauthn:virtualAuthenticators: true}
Session ID: 4a92d2ddb5e9f5878bf6dea89ad76fef" type="org.openqa.selenium.ElementClickInterceptedException">
      <![CDATA[org.openqa.selenium.ElementClickInterceptedException: element click intercepted: Element <button class="MuiButtonBase-root MuiButton-root MuiButton-contained MuiButton-containedPrimary MuiButton-sizeMedium MuiButton-containedSizeMedium MuiButton-disableElevation MuiButton-root MuiButton-contained MuiButton-containedPrimary MuiButton-sizeMedium MuiButton-containedSizeMedium MuiButton-disableElevation css-jpwkzc" tabindex="0" type="button" data-testid="more-actions" aria-haspopup="true">...</button> is not clickable at point (1420, 176). Other element would receive the click: <div aria-hidden="true" class="MuiBackdrop-root css-1hy3nus" style="opacity: 1; transition: opacity 225ms cubic-bezier(0.4, 0, 0.2, 1) 0ms;">...</div>
  (Session info: chrome=116.0.5845.111)
Build info: version: '3.141.59', revision: 'e82be7d358', time: '2018-11-14T08:17:03'
System info: host: 'EQHP-R38G-12', ip: '192.168.0.159', os.name: 'Windows 11', os.arch: 'amd64', os.version: '10.0', java.version: '17.0.6'
Driver info: org.openqa.selenium.chrome.ChromeDriver
Capabilities {acceptInsecureCerts: false, browserName: chrome, browserVersion: 116.0.5845.111, chrome: {chromedriverVersion: 116.0.5845.96 (1a3918166880..., userDataDir: C:\Users\SHIVAN~1\AppData\L...}, fedcm:accounts: true, goog:chromeOptions: {debuggerAddress: localhost:58727}, javascriptEnabled: true, networkConnectionEnabled: false, pageLoadStrategy: normal, platform: WINDOWS, platformName: WINDOWS, proxy: Proxy(), setWindowRect: true, strictFileInteractability: false, timeouts: {implicit: 0, pageLoad: 300000, script: 30000}, unhandledPromptBehavior: dismiss and notify, webauthn:extension:credBlob: true, webauthn:extension:largeBlob: true, webauthn:extension:minPinLength: true, webauthn:extension:prf: true, webauthn:virtualAuthenticators: true}
Session ID: 4a92d2ddb5e9f5878bf6dea89ad76fef
at java.base/jdk.internal.reflect.NativeConstructorAccessorImpl.newInstance0(Native Method)
at java.base/jdk.internal.reflect.NativeConstructorAccessorImpl.newInstance(NativeConstructorAccessorImpl.java:77)
at java.base/jdk.internal.reflect.DelegatingConstructorAccessorImpl.newInstance(DelegatingConstructorAccessorImpl.java:45)
at java.base/java.lang.reflect.Constructor.newInstanceWithCaller(Constructor.java:499)
at java.base/java.lang.reflect.Constructor.newInstance(Constructor.java:480)
at org.openqa.selenium.remote.http.W3CHttpResponseCodec.createException(W3CHttpResponseCodec.java:187)
at org.openqa.selenium.remote.http.W3CHttpResponseCodec.decode(W3CHttpResponseCodec.java:122)
at org.openqa.selenium.remote.http.W3CHttpResponseCodec.decode(W3CHttpResponseCodec.java:49)
at org.openqa.selenium.remote.HttpCommandExecutor.execute(HttpCommandExecutor.java:158)
at org.openqa.selenium.remote.service.DriverCommandExecutor.execute(DriverCommandExecutor.java:83)
at org.openqa.selenium.remote.RemoteWebDriver.execute(RemoteWebDriver.java:552)
at org.openqa.selenium.remote.RemoteWebElement.execute(RemoteWebElement.java:285)
at org.openqa.selenium.remote.RemoteWebElement.click(RemoteWebElement.java:84)
at jdk.internal.reflect.GeneratedMethodAccessor2.invoke(Unknown Source)
at java.base/jdk.internal.reflect.DelegatingMethodAccessorImpl.invoke(DelegatingMethodAccessorImpl.java:43)
at java.base/java.lang.reflect.Method.invoke(Method.java:568)
at org.openqa.selenium.support.pagefactory.internal.LocatingElementHandler.invoke(LocatingElementHandler.java:51)
at jdk.proxy2/jdk.proxy2.$Proxy17.click(Unknown Source)
at pageObjects.Registry_Module3_MLE.Cancel_On_Create_Limited_Exemption_in_Edit(Registry_Module3_MLE.java:818)
at Tests.Registry_Module3_MLE_Tests.Verification_of_Cancel_button_on_Edit_Limited_Exemption_Records_card(Registry_Module3_MLE_Tests.java:33)
at java.base/jdk.internal.reflect.NativeMethodAccessorImpl.invoke0(Native Method)
at java.base/jdk.internal.reflect.NativeMethodAccessorImpl.invoke(NativeMethodAccessorImpl.java:77)
at java.base/jdk.internal.reflect.DelegatingMethodAccessorImpl.invoke(DelegatingMethodAccessorImpl.java:43)
at java.base/java.lang.reflect.Method.invoke(Method.java:568)
at org.testng.internal.MethodInvocationHelper.invokeMethod(MethodInvocationHelper.java:133)
at org.testng.internal.TestInvoker.invokeMethod(TestInvoker.java:598)
at org.testng.internal.TestInvoker.retryFailed(TestInvoker.java:213)
at org.testng.internal.MethodRunner.runInSequence(MethodRunner.java:58)
at org.testng.internal.TestInvoker$MethodInvocationAgent.invoke(TestInvoker.java:824)
at org.testng.internal.TestInvoker.invokeTestMethods(TestInvoker.java:146)
at org.testng.internal.TestMethodWorker.invokeTestMethods(TestMethodWorker.java:146)
at org.testng.internal.TestMethodWorker.run(TestMethodWorker.java:128)
at java.base/java.util.ArrayList.forEach(ArrayList.java:1511)
at org.testng.TestRunner.privateRun(TestRunner.java:794)
at org.testng.TestRunner.run(TestRunner.java:596)
at org.testng.SuiteRunner.runTest(SuiteRunner.java:377)
at org.testng.SuiteRunner.runSequentially(SuiteRunner.java:371)
at org.testng.SuiteRunner.privateRun(SuiteRunner.java:332)
at org.testng.SuiteRunner.run(SuiteRunner.java:276)
at org.testng.SuiteRunnerWorker.runSuite(SuiteRunnerWorker.java:53)
at org.testng.SuiteRunnerWorker.run(SuiteRunnerWorker.java:96)
at org.testng.TestNG.runSuitesSequentially(TestNG.java:1212)
at org.testng.TestNG.runSuitesLocally(TestNG.java:1134)
at org.testng.TestNG.runSuites(TestNG.java:1063)
at org.testng.TestNG.run(TestNG.java:1031)
at org.testng.remote.AbstractRemoteTestNG.run(AbstractRemoteTestNG.java:115)
at org.testng.remote.RemoteTestNG.initAndRun(RemoteTestNG.java:251)
at org.testng.remote.RemoteTestNG.main(RemoteTestNG.java:77)
]]>
    </error>
  </testcase> <!-- Verification_of_Cancel_button_on_Edit_Limited_Exemption_Records_card -->
  <system-out/>
  <testcase classname="Tests.Registry_Module3_MLE_Tests" name="Verification_of_Cancel_button_on_Edit_Limited_Exemption_Records_card_for_Revisions_Requsted_Limited_Exemptions" time="124.129"/>
  <system-out/>
  <testcase classname="Tests.Registry_Module3_MLE_Tests" name="Verification_of_Add_Limited_Exemption_functionality_for_Saved_or_Revision_Requested_batch_exemption" time="57.624"/>
  <system-out/>
  <testcase classname="Tests.Registry_Module3_MLE_Tests" name="Verification_of_Add_Limited_Exemption_functionality_for_Revision_Requested_batch_exemption" time="118.552"/>
  <system-out/>
  <testcase classname="Tests.Registry_Module3_MLE_Tests" name="Verification_of_Add_Limited_Exemption_functionality_for_Revision_Requested_batch_exemption" time="48.614">
    <skipped/>
  </testcase> <!-- Verification_of_Add_Limited_Exemption_functionality_for_Revision_Requested_batch_exemption -->
  <system-out/>
  <testcase classname="Tests.Registry_Module3_MLE_Tests" name="Verification_of_Edit_Limited_Exemption_information_functionality_in_Denied_status_by_Jurisdiction_Admin" time="110.552">
    <skipped/>
  </testcase> <!-- Verification_of_Edit_Limited_Exemption_information_functionality_in_Denied_status_by_Jurisdiction_Admin -->
  <system-out/>
  <testcase classname="Tests.Registry_Module3_MLE_Tests" name="Verification_of_Edit_Limited_Exemption_information_functionality_in_Denied_status_by_Jurisdiction_Admin" time="112.671">
    <error message="no such element: Unable to locate element: {&quot;method&quot;:&quot;xpath&quot;,&quot;selector&quot;:&quot;//h6[@class=&quot;MuiTypography-root MuiTypography-h6 css-1etlmxt&quot;]&quot;}
  (Session info: chrome=116.0.5845.111)
For documentation on this error, please visit: https://www.seleniumhq.org/exceptions/no_such_element.html
Build info: version: &#039;3.141.59&#039;, revision: &#039;e82be7d358&#039;, time: &#039;2018-11-14T08:17:03&#039;
System info: host: &#039;EQHP-R38G-12&#039;, ip: &#039;192.168.0.159&#039;, os.name: &#039;Windows 11&#039;, os.arch: &#039;amd64&#039;, os.version: &#039;10.0&#039;, java.version: &#039;17.0.6&#039;
Driver info: org.openqa.selenium.chrome.ChromeDriver
Capabilities {acceptInsecureCerts: false, browserName: chrome, browserVersion: 116.0.5845.111, chrome: {chromedriverVersion: 116.0.5845.96 (1a3918166880..., userDataDir: C:\Users\SHIVAN~1\AppData\L...}, fedcm:accounts: true, goog:chromeOptions: {debuggerAddress: localhost:60152}, javascriptEnabled: true, networkConnectionEnabled: false, pageLoadStrategy: normal, platform: WINDOWS, platformName: WINDOWS, proxy: Proxy(), setWindowRect: true, strictFileInteractability: false, timeouts: {implicit: 0, pageLoad: 300000, script: 30000}, unhandledPromptBehavior: dismiss and notify, webauthn:extension:credBlob: true, webauthn:extension:largeBlob: true, webauthn:extension:minPinLength: true, webauthn:extension:prf: true, webauthn:virtualAuthenticators: true}
Session ID: a542de401a1368afb5557f0d51dff7d2
*** Element info: {Using=xpath, value=//h6[@class=&quot;MuiTypography-root MuiTypography-h6 css-1etlmxt&quot;]}" type="org.openqa.selenium.NoSuchElementException">
      <![CDATA[org.openqa.selenium.NoSuchElementException: no such element: Unable to locate element: {"method":"xpath","selector":"//h6[@class="MuiTypography-root MuiTypography-h6 css-1etlmxt"]"}
  (Session info: chrome=116.0.5845.111)
For documentation on this error, please visit: https://www.seleniumhq.org/exceptions/no_such_element.html
Build info: version: '3.141.59', revision: 'e82be7d358', time: '2018-11-14T08:17:03'
System info: host: 'EQHP-R38G-12', ip: '192.168.0.159', os.name: 'Windows 11', os.arch: 'amd64', os.version: '10.0', java.version: '17.0.6'
Driver info: org.openqa.selenium.chrome.ChromeDriver
Capabilities {acceptInsecureCerts: false, browserName: chrome, browserVersion: 116.0.5845.111, chrome: {chromedriverVersion: 116.0.5845.96 (1a3918166880..., userDataDir: C:\Users\SHIVAN~1\AppData\L...}, fedcm:accounts: true, goog:chromeOptions: {debuggerAddress: localhost:60152}, javascriptEnabled: true, networkConnectionEnabled: false, pageLoadStrategy: normal, platform: WINDOWS, platformName: WINDOWS, proxy: Proxy(), setWindowRect: true, strictFileInteractability: false, timeouts: {implicit: 0, pageLoad: 300000, script: 30000}, unhandledPromptBehavior: dismiss and notify, webauthn:extension:credBlob: true, webauthn:extension:largeBlob: true, webauthn:extension:minPinLength: true, webauthn:extension:prf: true, webauthn:virtualAuthenticators: true}
Session ID: a542de401a1368afb5557f0d51dff7d2
*** Element info: {Using=xpath, value=//h6[@class="MuiTypography-root MuiTypography-h6 css-1etlmxt"]}
at java.base/jdk.internal.reflect.NativeConstructorAccessorImpl.newInstance0(Native Method)
at java.base/jdk.internal.reflect.NativeConstructorAccessorImpl.newInstance(NativeConstructorAccessorImpl.java:77)
at java.base/jdk.internal.reflect.DelegatingConstructorAccessorImpl.newInstance(DelegatingConstructorAccessorImpl.java:45)
at java.base/java.lang.reflect.Constructor.newInstanceWithCaller(Constructor.java:499)
at java.base/java.lang.reflect.Constructor.newInstance(Constructor.java:480)
at org.openqa.selenium.remote.http.W3CHttpResponseCodec.createException(W3CHttpResponseCodec.java:187)
at org.openqa.selenium.remote.http.W3CHttpResponseCodec.decode(W3CHttpResponseCodec.java:122)
at org.openqa.selenium.remote.http.W3CHttpResponseCodec.decode(W3CHttpResponseCodec.java:49)
at org.openqa.selenium.remote.HttpCommandExecutor.execute(HttpCommandExecutor.java:158)
at org.openqa.selenium.remote.service.DriverCommandExecutor.execute(DriverCommandExecutor.java:83)
at org.openqa.selenium.remote.RemoteWebDriver.execute(RemoteWebDriver.java:552)
at org.openqa.selenium.remote.RemoteWebDriver.findElement(RemoteWebDriver.java:323)
at org.openqa.selenium.remote.RemoteWebDriver.findElementByXPath(RemoteWebDriver.java:428)
at org.openqa.selenium.By$ByXPath.findElement(By.java:353)
at org.openqa.selenium.remote.RemoteWebDriver.findElement(RemoteWebDriver.java:315)
at org.openqa.selenium.support.pagefactory.DefaultElementLocator.findElement(DefaultElementLocator.java:69)
at org.openqa.selenium.support.pagefactory.internal.LocatingElementHandler.invoke(LocatingElementHandler.java:38)
at jdk.proxy2/jdk.proxy2.$Proxy17.isDisplayed(Unknown Source)
at pageObjects.publicHomePage.secQueAns(publicHomePage.java:189)
at Tests.Registry_Module3_MLE_Tests.Verification_of_Edit_Limited_Exemption_information_functionality_in_Denied_status_by_Jurisdiction_Admin(Registry_Module3_MLE_Tests.java:152)
at java.base/jdk.internal.reflect.NativeMethodAccessorImpl.invoke0(Native Method)
at java.base/jdk.internal.reflect.NativeMethodAccessorImpl.invoke(NativeMethodAccessorImpl.java:77)
at java.base/jdk.internal.reflect.DelegatingMethodAccessorImpl.invoke(DelegatingMethodAccessorImpl.java:43)
at java.base/java.lang.reflect.Method.invoke(Method.java:568)
at org.testng.internal.MethodInvocationHelper.invokeMethod(MethodInvocationHelper.java:133)
at org.testng.internal.TestInvoker.invokeMethod(TestInvoker.java:598)
at org.testng.internal.TestInvoker.retryFailed(TestInvoker.java:213)
at org.testng.internal.MethodRunner.runInSequence(MethodRunner.java:58)
at org.testng.internal.TestInvoker$MethodInvocationAgent.invoke(TestInvoker.java:824)
at org.testng.internal.TestInvoker.invokeTestMethods(TestInvoker.java:146)
at org.testng.internal.TestMethodWorker.invokeTestMethods(TestMethodWorker.java:146)
at org.testng.internal.TestMethodWorker.run(TestMethodWorker.java:128)
at java.base/java.util.ArrayList.forEach(ArrayList.java:1511)
at org.testng.TestRunner.privateRun(TestRunner.java:794)
at org.testng.TestRunner.run(TestRunner.java:596)
at org.testng.SuiteRunner.runTest(SuiteRunner.java:377)
at org.testng.SuiteRunner.runSequentially(SuiteRunner.java:371)
at org.testng.SuiteRunner.privateRun(SuiteRunner.java:332)
at org.testng.SuiteRunner.run(SuiteRunner.java:276)
at org.testng.SuiteRunnerWorker.runSuite(SuiteRunnerWorker.java:53)
at org.testng.SuiteRunnerWorker.run(SuiteRunnerWorker.java:96)
at org.testng.TestNG.runSuitesSequentially(TestNG.java:1212)
at org.testng.TestNG.runSuitesLocally(TestNG.java:1134)
at org.testng.TestNG.runSuites(TestNG.java:1063)
at org.testng.TestNG.run(TestNG.java:1031)
at org.testng.remote.AbstractRemoteTestNG.run(AbstractRemoteTestNG.java:115)
at org.testng.remote.RemoteTestNG.initAndRun(RemoteTestNG.java:251)
at org.testng.remote.RemoteTestNG.main(RemoteTestNG.java:77)
]]>
    </error>
  </testcase> <!-- Verification_of_Edit_Limited_Exemption_information_functionality_in_Denied_status_by_Jurisdiction_Admin -->
  <system-out/>
  <testcase classname="Tests.Registry_Module3_MLE_Tests" name="Verification_of_Edit_Limited_Exemption_information_functionality_in_Proposed_status_by_Jurisdiction_Admin" time="70.041"/>
  <system-out/>
  <testcase classname="Tests.Registry_Module3_MLE_Tests" name="Verification_of_Edit_Limited_Exemption_information_functionality_in_Approved_status_by_Jurisdiction_Admin" time="121.923"/>
  <system-out/>
  <testcase classname="Tests.Registry_Module3_MLE_Tests" name="Verification_of_functionality_of_Remove_Limited_Exemption_from_batch_by_jurisdiction_admin_in_Saved_status" time="61.180"/>
  <system-out/>
  <testcase classname="Tests.Registry_Module3_MLE_Tests" name="Verification_of_functionality_of_Remove_Limited_Exemption_from_batch_by_jurisdiction_admin_in_Revision_Requested_status" time="119.874"/>
  <system-out/>
  <testcase classname="Tests.Registry_Module3_MLE_Tests" name="Verification_of_functionality_Cancel_button_on_Entity_and_Limited_Exemption_Information_section_on_Create_Limited_Exemption_page" time="52.761"/>
  <system-out/>
  <testcase classname="Tests.Registry_Module3_MLE_Tests" name="Verification_of_functionality_of_Create_Limited_Exemption_Batch" time="43.074"/>
  <system-out/>
  <testcase classname="Tests.Registry_Module3_MLE_Tests" name="Verification_of_functionality_of_Add_Limited_Exemption" time="53.591"/>
  <system-out/>
  <testcase classname="Tests.Registry_Module3_MLE_Tests" name="Validation_of_the_Batch_Name_field_on_the_Create_Limited_Exemption_Batch_page" time="33.104"/>
  <system-out/>
  <testcase classname="Tests.Registry_Module3_MLE_Tests" name="Verification_of_functionality_of_Cancel_button_on_Create_Limited_Exemption_Batch_page" time="34.103"/>
  <system-out/>
  <testcase classname="Tests.Registry_Module3_MLE_Tests" name="Verification_of_Effective_Date_field_on_the_Create_Limited_Exemption_page" time="41.576"/>
  <system-out/>
  <testcase classname="Tests.Registry_Module3_MLE_Tests" name="Verification_of_Cancel_button_functionality_for_Edit_Batch_Exemption_in_Saved_or_Revision_Requested_status" time="58.395"/>
  <system-out/>
  <testcase classname="Tests.Registry_Module3_MLE_Tests" name="Verification_of_Cancel_button_functionality_for_Edit_Batch_Exemption_in_Revision_Requested_status" time="134.351"/>
  <system-out/>
  <testcase classname="Tests.Registry_Module3_MLE_Tests" name="Verification_of_Cancel_button_functionality_on_Batch_Exemption_Detail_page" time="49.701"/>
  <system-out/>
  <testcase classname="Tests.Registry_Module3_MLE_Tests" name="Verification_of_functionality_of_Delete_Batch_Exemption_in_Saved_status" time="60.282"/>
  <system-out/>
  <testcase classname="Tests.Registry_Module3_MLE_Tests" name="Verification_of_Request_revision_functionality_for_Jurisdiction_Authority" time="94.429"/>
  <system-out/>
  <testcase classname="Tests.Registry_Module3_MLE_Tests" name="Verification_of_Comment_field_on_Batch_Exemption_Details_page_for_Request_Revision_functionality" time="106.270">
    <skipped/>
  </testcase> <!-- Verification_of_Comment_field_on_Batch_Exemption_Details_page_for_Request_Revision_functionality -->
  <system-out/>
  <testcase classname="Tests.Registry_Module3_MLE_Tests" name="Verification_of_Comment_field_on_Batch_Exemption_Details_page_for_Request_Revision_functionality" time="109.527">
    <failure message="null" type="java.lang.AssertionError">
      <![CDATA[java.lang.AssertionError: null
at org.testng.Assert.fail(Assert.java:99)
at org.testng.Assert.fail(Assert.java:106)
at pageObjects.CommonMethods.click2(CommonMethods.java:90)
at pageObjects.Registry_Module3_MLE.Comment_Verification_for_Request_Revisions(Registry_Module3_MLE.java:1925)
at Tests.Registry_Module3_MLE_Tests.Verification_of_Comment_field_on_Batch_Exemption_Details_page_for_Request_Revision_functionality(Registry_Module3_MLE_Tests.java:482)
at java.base/jdk.internal.reflect.NativeMethodAccessorImpl.invoke0(Native Method)
at java.base/jdk.internal.reflect.NativeMethodAccessorImpl.invoke(NativeMethodAccessorImpl.java:77)
at java.base/jdk.internal.reflect.DelegatingMethodAccessorImpl.invoke(DelegatingMethodAccessorImpl.java:43)
at java.base/java.lang.reflect.Method.invoke(Method.java:568)
at org.testng.internal.MethodInvocationHelper.invokeMethod(MethodInvocationHelper.java:133)
at org.testng.internal.TestInvoker.invokeMethod(TestInvoker.java:598)
at org.testng.internal.TestInvoker.retryFailed(TestInvoker.java:213)
at org.testng.internal.MethodRunner.runInSequence(MethodRunner.java:58)
at org.testng.internal.TestInvoker$MethodInvocationAgent.invoke(TestInvoker.java:824)
at org.testng.internal.TestInvoker.invokeTestMethods(TestInvoker.java:146)
at org.testng.internal.TestMethodWorker.invokeTestMethods(TestMethodWorker.java:146)
at org.testng.internal.TestMethodWorker.run(TestMethodWorker.java:128)
at java.base/java.util.ArrayList.forEach(ArrayList.java:1511)
at org.testng.TestRunner.privateRun(TestRunner.java:794)
at org.testng.TestRunner.run(TestRunner.java:596)
at org.testng.SuiteRunner.runTest(SuiteRunner.java:377)
at org.testng.SuiteRunner.runSequentially(SuiteRunner.java:371)
at org.testng.SuiteRunner.privateRun(SuiteRunner.java:332)
at org.testng.SuiteRunner.run(SuiteRunner.java:276)
at org.testng.SuiteRunnerWorker.runSuite(SuiteRunnerWorker.java:53)
at org.testng.SuiteRunnerWorker.run(SuiteRunnerWorker.java:96)
at org.testng.TestNG.runSuitesSequentially(TestNG.java:1212)
at org.testng.TestNG.runSuitesLocally(TestNG.java:1134)
at org.testng.TestNG.runSuites(TestNG.java:1063)
at org.testng.TestNG.run(TestNG.java:1031)
at org.testng.remote.AbstractRemoteTestNG.run(AbstractRemoteTestNG.java:115)
at org.testng.remote.RemoteTestNG.initAndRun(RemoteTestNG.java:251)
at org.testng.remote.RemoteTestNG.main(RemoteTestNG.java:77)
]]>
    </failure>
  </testcase> <!-- Verification_of_Comment_field_on_Batch_Exemption_Details_page_for_Request_Revision_functionality -->
  <system-out/>
  <testcase classname="Tests.Registry_Module3_MLE_Tests" name="Verification_of_Passphrase_field_on_Passphrase_confirmation_popup_on_Batch_Exemption_Details_page_for_Request_Revision_functionality" time="109.472"/>
  <system-out/>
  <testcase classname="Tests.Registry_Module3_MLE_Tests" name="Verification_of_Passphrase_field_on_Passphrase_confirmation_popup_for_Deny_Batch_Exemption_Details_functionality" time="108.100"/>
  <system-out/>
  <testcase classname="Tests.Registry_Module3_MLE_Tests" name="Verification_of_Deny_Limited_exemption_batch_functionality_for_Jurisidiction_Authority" time="100.711"/>
  <system-out/>
  <testcase classname="Tests.Registry_Module3_MLE_Tests" name="Verification_of_Comment_field_on_Batch_Exemption_Details_page_for_Deny_functionality" time="99.052"/>
  <system-out/>
  <testcase classname="Tests.Registry_Module3_MLE_Tests" name="Verification_of_Status_Update_after_Limited_Exemption_Batch_is_Revisions_Requested_by_Jurisdiction_Authority" time="166.432">
    <skipped/>
  </testcase> <!-- Verification_of_Status_Update_after_Limited_Exemption_Batch_is_Revisions_Requested_by_Jurisdiction_Authority -->
  <system-out/>
  <testcase classname="Tests.Registry_Module3_MLE_Tests" name="Verification_of_Status_Update_after_Limited_Exemption_Batch_is_Revisions_Requested_by_Jurisdiction_Authority" time="102.404">
    <error message="element click intercepted: Element &lt;input aria-invalid=&quot;false&quot; id=&quot;:r57:&quot; placeholder=&quot;Search…&quot; type=&quot;search&quot; class=&quot;MuiInputBase-input MuiInput-input MuiInputBase-inputTypeSearch MuiInputBase-inputAdornedStart MuiInputBase-inputAdornedEnd css-c6bojz&quot; value=&quot;&quot;&gt; is not clickable at point (1346, 412). Other element would receive the click: &lt;div aria-hidden=&quot;true&quot; class=&quot;MuiBackdrop-root css-1hy3nus&quot; style=&quot;opacity: 1; transition: opacity 225ms cubic-bezier(0.4, 0, 0.2, 1) 0ms;&quot;&gt;...&lt;/div&gt;
  (Session info: chrome=116.0.5845.111)
Build info: version: &#039;3.141.59&#039;, revision: &#039;e82be7d358&#039;, time: &#039;2018-11-14T08:17:03&#039;
System info: host: &#039;EQHP-R38G-12&#039;, ip: &#039;192.168.0.159&#039;, os.name: &#039;Windows 11&#039;, os.arch: &#039;amd64&#039;, os.version: &#039;10.0&#039;, java.version: &#039;17.0.6&#039;
Driver info: org.openqa.selenium.chrome.ChromeDriver
Capabilities {acceptInsecureCerts: false, browserName: chrome, browserVersion: 116.0.5845.111, chrome: {chromedriverVersion: 116.0.5845.96 (1a3918166880..., userDataDir: C:\Users\SHIVAN~1\AppData\L...}, fedcm:accounts: true, goog:chromeOptions: {debuggerAddress: localhost:63032}, javascriptEnabled: true, networkConnectionEnabled: false, pageLoadStrategy: normal, platform: WINDOWS, platformName: WINDOWS, proxy: Proxy(), setWindowRect: true, strictFileInteractability: false, timeouts: {implicit: 0, pageLoad: 300000, script: 30000}, unhandledPromptBehavior: dismiss and notify, webauthn:extension:credBlob: true, webauthn:extension:largeBlob: true, webauthn:extension:minPinLength: true, webauthn:extension:prf: true, webauthn:virtualAuthenticators: true}
Session ID: 960bcda0f80bd1d24e264dde6334939e" type="org.openqa.selenium.ElementClickInterceptedException">
      <![CDATA[org.openqa.selenium.ElementClickInterceptedException: element click intercepted: Element <input aria-invalid="false" id=":r57:" placeholder="Search…" type="search" class="MuiInputBase-input MuiInput-input MuiInputBase-inputTypeSearch MuiInputBase-inputAdornedStart MuiInputBase-inputAdornedEnd css-c6bojz" value=""> is not clickable at point (1346, 412). Other element would receive the click: <div aria-hidden="true" class="MuiBackdrop-root css-1hy3nus" style="opacity: 1; transition: opacity 225ms cubic-bezier(0.4, 0, 0.2, 1) 0ms;">...</div>
  (Session info: chrome=116.0.5845.111)
Build info: version: '3.141.59', revision: 'e82be7d358', time: '2018-11-14T08:17:03'
System info: host: 'EQHP-R38G-12', ip: '192.168.0.159', os.name: 'Windows 11', os.arch: 'amd64', os.version: '10.0', java.version: '17.0.6'
Driver info: org.openqa.selenium.chrome.ChromeDriver
Capabilities {acceptInsecureCerts: false, browserName: chrome, browserVersion: 116.0.5845.111, chrome: {chromedriverVersion: 116.0.5845.96 (1a3918166880..., userDataDir: C:\Users\SHIVAN~1\AppData\L...}, fedcm:accounts: true, goog:chromeOptions: {debuggerAddress: localhost:63032}, javascriptEnabled: true, networkConnectionEnabled: false, pageLoadStrategy: normal, platform: WINDOWS, platformName: WINDOWS, proxy: Proxy(), setWindowRect: true, strictFileInteractability: false, timeouts: {implicit: 0, pageLoad: 300000, script: 30000}, unhandledPromptBehavior: dismiss and notify, webauthn:extension:credBlob: true, webauthn:extension:largeBlob: true, webauthn:extension:minPinLength: true, webauthn:extension:prf: true, webauthn:virtualAuthenticators: true}
Session ID: 960bcda0f80bd1d24e264dde6334939e
at jdk.internal.reflect.GeneratedConstructorAccessor21.newInstance(Unknown Source)
at java.base/jdk.internal.reflect.DelegatingConstructorAccessorImpl.newInstance(DelegatingConstructorAccessorImpl.java:45)
at java.base/java.lang.reflect.Constructor.newInstanceWithCaller(Constructor.java:499)
at java.base/java.lang.reflect.Constructor.newInstance(Constructor.java:480)
at org.openqa.selenium.remote.http.W3CHttpResponseCodec.createException(W3CHttpResponseCodec.java:187)
at org.openqa.selenium.remote.http.W3CHttpResponseCodec.decode(W3CHttpResponseCodec.java:122)
at org.openqa.selenium.remote.http.W3CHttpResponseCodec.decode(W3CHttpResponseCodec.java:49)
at org.openqa.selenium.remote.HttpCommandExecutor.execute(HttpCommandExecutor.java:158)
at org.openqa.selenium.remote.service.DriverCommandExecutor.execute(DriverCommandExecutor.java:83)
at org.openqa.selenium.remote.RemoteWebDriver.execute(RemoteWebDriver.java:552)
at org.openqa.selenium.remote.RemoteWebElement.execute(RemoteWebElement.java:285)
at org.openqa.selenium.remote.RemoteWebElement.click(RemoteWebElement.java:84)
at jdk.internal.reflect.GeneratedMethodAccessor2.invoke(Unknown Source)
at java.base/jdk.internal.reflect.DelegatingMethodAccessorImpl.invoke(DelegatingMethodAccessorImpl.java:43)
at java.base/java.lang.reflect.Method.invoke(Method.java:568)
at org.openqa.selenium.support.pagefactory.internal.LocatingElementHandler.invoke(LocatingElementHandler.java:51)
at jdk.proxy2/jdk.proxy2.$Proxy17.click(Unknown Source)
at pageObjects.Registry_Module3_MLE.Status_Upadate_After_Request_Revisions(Registry_Module3_MLE.java:2329)
at Tests.Registry_Module3_MLE_Tests.Verification_of_Status_Update_after_Limited_Exemption_Batch_is_Revisions_Requested_by_Jurisdiction_Authority(Registry_Module3_MLE_Tests.java:603)
at java.base/jdk.internal.reflect.NativeMethodAccessorImpl.invoke0(Native Method)
at java.base/jdk.internal.reflect.NativeMethodAccessorImpl.invoke(NativeMethodAccessorImpl.java:77)
at java.base/jdk.internal.reflect.DelegatingMethodAccessorImpl.invoke(DelegatingMethodAccessorImpl.java:43)
at java.base/java.lang.reflect.Method.invoke(Method.java:568)
at org.testng.internal.MethodInvocationHelper.invokeMethod(MethodInvocationHelper.java:133)
at org.testng.internal.TestInvoker.invokeMethod(TestInvoker.java:598)
at org.testng.internal.TestInvoker.retryFailed(TestInvoker.java:213)
at org.testng.internal.MethodRunner.runInSequence(MethodRunner.java:58)
at org.testng.internal.TestInvoker$MethodInvocationAgent.invoke(TestInvoker.java:824)
at org.testng.internal.TestInvoker.invokeTestMethods(TestInvoker.java:146)
at org.testng.internal.TestMethodWorker.invokeTestMethods(TestMethodWorker.java:146)
at org.testng.internal.TestMethodWorker.run(TestMethodWorker.java:128)
at java.base/java.util.ArrayList.forEach(ArrayList.java:1511)
at org.testng.TestRunner.privateRun(TestRunner.java:794)
at org.testng.TestRunner.run(TestRunner.java:596)
at org.testng.SuiteRunner.runTest(SuiteRunner.java:377)
at org.testng.SuiteRunner.runSequentially(SuiteRunner.java:371)
at org.testng.SuiteRunner.privateRun(SuiteRunner.java:332)
at org.testng.SuiteRunner.run(SuiteRunner.java:276)
at org.testng.SuiteRunnerWorker.runSuite(SuiteRunnerWorker.java:53)
at org.testng.SuiteRunnerWorker.run(SuiteRunnerWorker.java:96)
at org.testng.TestNG.runSuitesSequentially(TestNG.java:1212)
at org.testng.TestNG.runSuitesLocally(TestNG.java:1134)
at org.testng.TestNG.runSuites(TestNG.java:1063)
at org.testng.TestNG.run(TestNG.java:1031)
at org.testng.remote.AbstractRemoteTestNG.run(AbstractRemoteTestNG.java:115)
at org.testng.remote.RemoteTestNG.initAndRun(RemoteTestNG.java:251)
at org.testng.remote.RemoteTestNG.main(RemoteTestNG.java:77)
]]>
    </error>
  </testcase> <!-- Verification_of_Status_Update_after_Limited_Exemption_Batch_is_Revisions_Requested_by_Jurisdiction_Authority -->
  <system-out/>
  <testcase classname="Tests.Registry_Module3_MLE_Tests" name="Verification_of_availibility_of_Edit_Limited_exemption_batch_to_Jurisidiction_Admin_in_Revision_Requested_status" time="132.077"/>
  <system-out/>
  <testcase classname="Tests.Registry_Module3_MLE_Tests" name="Verification_of_Pagination_on_Limited_Exemptions_Batches_table" time="33.491"/>
  <system-out/>
  <testcase classname="Tests.Registry_Module3_MLE_Tests" name="Verification_of_Entity_ID_field_on_the_Create_Limited_Exemption_page" time="94.193"/>
  <system-out/>
  <testcase classname="Tests.Registry_Module3_MLE_Tests" name="Verification_of_functionality_of_display_updated_information_on_the_Batch_Exemptions_page" time="101.910"/>
  <system-out/>
  <testcase classname="Tests.Registry_Module3_MLE_Tests" name="Verification_of_status_update_after_Limited_Exemption_batch_is_proposed_by_Jurisdiction_Admin" time="65.004"/>
  <system-out/>
  <testcase classname="Tests.Registry_Module3_MLE_Tests" name="Verification_of_Approve_Request_section_on_Proposed_Limited_Exemption_batch_page_for_Jurisdiction_Authority" time="97.260">
    <skipped/>
  </testcase> <!-- Verification_of_Approve_Request_section_on_Proposed_Limited_Exemption_batch_page_for_Jurisdiction_Authority -->
  <system-out/>
  <testcase classname="Tests.Registry_Module3_MLE_Tests" name="Verification_of_Approve_Request_section_on_Proposed_Limited_Exemption_batch_page_for_Jurisdiction_Authority" time="90.893"/>
  <system-out/>
  <testcase classname="Tests.Registry_Module3_MLE_Tests" name="Verification_of_Cancel_button_functionality_on_Batch_Exemption_Details_page" time="103.806"/>
  <system-out/>
  <testcase classname="Tests.Registry_Module3_MLE_Tests" name="Verification_of_Passphrase_field_on_Passphrase_confirmation_popup_for_approve_Batch_Exemption_Details_functionality" time="123.427"/>
  <system-out/>
  <testcase classname="Tests.Registry_Module3_MLE_Tests" name="Validation_of_Add_Limited_Exemption_for_same_entity_and_effective_date_in_another_batch_of_different_budget_year" time="114.983">
    <error message="Expected condition failed: waiting for visibility of Proxy element for: DefaultElementLocator &#039;By.xpath: //p[text()=&quot;The limited exemption has been successfully added&quot;]&#039; (tried for 50 second(s) with 500 milliseconds interval)" type="org.openqa.selenium.TimeoutException">
      <![CDATA[org.openqa.selenium.TimeoutException: Expected condition failed: waiting for visibility of Proxy element for: DefaultElementLocator 'By.xpath: //p[text()="The limited exemption has been successfully added"]' (tried for 50 second(s) with 500 milliseconds interval)
at org.openqa.selenium.support.ui.WebDriverWait.timeoutException(WebDriverWait.java:95)
at org.openqa.selenium.support.ui.FluentWait.until(FluentWait.java:272)
at pageObjects.Registry_Module3_MLE.Add_LE_For_Different_Batch_And_Budget_Year(Registry_Module3_MLE.java:2804)
at Tests.Registry_Module3_MLE_Tests.Validation_of_Add_Limited_Exemption_for_same_entity_and_effective_date_in_another_batch_of_different_budget_year(Registry_Module3_MLE_Tests.java:797)
at java.base/jdk.internal.reflect.NativeMethodAccessorImpl.invoke0(Native Method)
at java.base/jdk.internal.reflect.NativeMethodAccessorImpl.invoke(NativeMethodAccessorImpl.java:77)
at java.base/jdk.internal.reflect.DelegatingMethodAccessorImpl.invoke(DelegatingMethodAccessorImpl.java:43)
at java.base/java.lang.reflect.Method.invoke(Method.java:568)
at org.testng.internal.MethodInvocationHelper.invokeMethod(MethodInvocationHelper.java:133)
at org.testng.internal.TestInvoker.invokeMethod(TestInvoker.java:598)
at org.testng.internal.TestInvoker.retryFailed(TestInvoker.java:213)
at org.testng.internal.MethodRunner.runInSequence(MethodRunner.java:58)
at org.testng.internal.TestInvoker$MethodInvocationAgent.invoke(TestInvoker.java:824)
at org.testng.internal.TestInvoker.invokeTestMethods(TestInvoker.java:146)
at org.testng.internal.TestMethodWorker.invokeTestMethods(TestMethodWorker.java:146)
at org.testng.internal.TestMethodWorker.run(TestMethodWorker.java:128)
at java.base/java.util.ArrayList.forEach(ArrayList.java:1511)
at org.testng.TestRunner.privateRun(TestRunner.java:794)
at org.testng.TestRunner.run(TestRunner.java:596)
at org.testng.SuiteRunner.runTest(SuiteRunner.java:377)
at org.testng.SuiteRunner.runSequentially(SuiteRunner.java:371)
at org.testng.SuiteRunner.privateRun(SuiteRunner.java:332)
at org.testng.SuiteRunner.run(SuiteRunner.java:276)
at org.testng.SuiteRunnerWorker.runSuite(SuiteRunnerWorker.java:53)
at org.testng.SuiteRunnerWorker.run(SuiteRunnerWorker.java:96)
at org.testng.TestNG.runSuitesSequentially(TestNG.java:1212)
at org.testng.TestNG.runSuitesLocally(TestNG.java:1134)
at org.testng.TestNG.runSuites(TestNG.java:1063)
at org.testng.TestNG.run(TestNG.java:1031)
at org.testng.remote.AbstractRemoteTestNG.run(AbstractRemoteTestNG.java:115)
at org.testng.remote.RemoteTestNG.initAndRun(RemoteTestNG.java:251)
at org.testng.remote.RemoteTestNG.main(RemoteTestNG.java:77)
Caused by: org.openqa.selenium.NoSuchElementException: no such element: Unable to locate element: {"method":"xpath","selector":"//p[text()="The limited exemption has been successfully added"]"}
  (Session info: chrome=116.0.5845.111)
For documentation on this error, please visit: https://www.seleniumhq.org/exceptions/no_such_element.html
Build info: version: '3.141.59', revision: 'e82be7d358', time: '2018-11-14T08:17:03'
System info: host: 'EQHP-R38G-12', ip: '192.168.0.159', os.name: 'Windows 11', os.arch: 'amd64', os.version: '10.0', java.version: '17.0.6'
Driver info: org.openqa.selenium.chrome.ChromeDriver
Capabilities {acceptInsecureCerts: false, browserName: chrome, browserVersion: 116.0.5845.111, chrome: {chromedriverVersion: 116.0.5845.96 (1a3918166880..., userDataDir: C:\Users\SHIVAN~1\AppData\L...}, fedcm:accounts: true, goog:chromeOptions: {debuggerAddress: localhost:63415}, javascriptEnabled: true, networkConnectionEnabled: false, pageLoadStrategy: normal, platform: WINDOWS, platformName: WINDOWS, proxy: Proxy(), setWindowRect: true, strictFileInteractability: false, timeouts: {implicit: 0, pageLoad: 300000, script: 30000}, unhandledPromptBehavior: dismiss and notify, webauthn:extension:credBlob: true, webauthn:extension:largeBlob: true, webauthn:extension:minPinLength: true, webauthn:extension:prf: true, webauthn:virtualAuthenticators: true}
Session ID: 8ed2f1d6bd7acd8502fa9d473467b8dc
*** Element info: {Using=xpath, value=//p[text()="The limited exemption has been successfully added"]}
at jdk.internal.reflect.GeneratedConstructorAccessor20.newInstance(Unknown Source)
at java.base/jdk.internal.reflect.DelegatingConstructorAccessorImpl.newInstance(DelegatingConstructorAccessorImpl.java:45)
at java.base/java.lang.reflect.Constructor.newInstanceWithCaller(Constructor.java:499)
at java.base/java.lang.reflect.Constructor.newInstance(Constructor.java:480)
at org.openqa.selenium.remote.http.W3CHttpResponseCodec.createException(W3CHttpResponseCodec.java:187)
at org.openqa.selenium.remote.http.W3CHttpResponseCodec.decode(W3CHttpResponseCodec.java:122)
at org.openqa.selenium.remote.http.W3CHttpResponseCodec.decode(W3CHttpResponseCodec.java:49)
at org.openqa.selenium.remote.HttpCommandExecutor.execute(HttpCommandExecutor.java:158)
at org.openqa.selenium.remote.service.DriverCommandExecutor.execute(DriverCommandExecutor.java:83)
at org.openqa.selenium.remote.RemoteWebDriver.execute(RemoteWebDriver.java:552)
at org.openqa.selenium.remote.RemoteWebDriver.findElement(RemoteWebDriver.java:323)
at org.openqa.selenium.remote.RemoteWebDriver.findElementByXPath(RemoteWebDriver.java:428)
at org.openqa.selenium.By$ByXPath.findElement(By.java:353)
at org.openqa.selenium.remote.RemoteWebDriver.findElement(RemoteWebDriver.java:315)
at org.openqa.selenium.support.pagefactory.DefaultElementLocator.findElement(DefaultElementLocator.java:69)
at org.openqa.selenium.support.pagefactory.internal.LocatingElementHandler.invoke(LocatingElementHandler.java:38)
at jdk.proxy2/jdk.proxy2.$Proxy17.isDisplayed(Unknown Source)
at org.openqa.selenium.support.ui.ExpectedConditions.elementIfVisible(ExpectedConditions.java:314)
at org.openqa.selenium.support.ui.ExpectedConditions.access$000(ExpectedConditions.java:43)
at org.openqa.selenium.support.ui.ExpectedConditions$10.apply(ExpectedConditions.java:300)
at org.openqa.selenium.support.ui.ExpectedConditions$10.apply(ExpectedConditions.java:297)
at org.openqa.selenium.support.ui.FluentWait.until(FluentWait.java:249)
... 30 more
]]>
    </error>
  </testcase> <!-- Validation_of_Add_Limited_Exemption_for_same_entity_and_effective_date_in_another_batch_of_different_budget_year -->
  <system-out/>
  <testcase classname="Tests.Registry_Module3_MLE_Tests" name="Validation_of_Add_Limited_Exemption_for_same_entity_and_effective_date_in_another_batch_of_different_budget_year" time="58.510">
    <skipped/>
  </testcase> <!-- Validation_of_Add_Limited_Exemption_for_same_entity_and_effective_date_in_another_batch_of_different_budget_year -->
  <system-out/>
  <testcase classname="Tests.Registry_Module3_MLE_Tests" name="Verification_of_Edit_functionality_for_Batch_Exemption_Information_card_in_Saved_or_Revision_Requested_status" time="78.908"/>
  <system-out/>
  <testcase classname="Tests.Registry_Module3_MLE_Tests" name="Verification_of_Edit_functionality_for_Batch_Exemption_Information_card_in_Revision_Requested_status" time="136.131"/>
  <system-out/>
  <testcase classname="Tests.Registry_Module3_MLE_Tests" name="Verification_of_Approve_Limited_exemption_batch_functionality_for_Jurisidction_Authority" time="101.357"/>
  <system-out/>
  <testcase classname="Tests.Registry_Module3_MLE_Tests" name="Validation_of_Add_Limited_Exemption_for_same_entity_in_a_batch" time="112.852">
    <error message="Expected condition failed: waiting for visibility of Proxy element for: DefaultElementLocator &#039;By.xpath: //p[text()=&quot;The limited exemption has been successfully added&quot;]&#039; (tried for 50 second(s) with 500 milliseconds interval)" type="org.openqa.selenium.TimeoutException">
      <![CDATA[org.openqa.selenium.TimeoutException: Expected condition failed: waiting for visibility of Proxy element for: DefaultElementLocator 'By.xpath: //p[text()="The limited exemption has been successfully added"]' (tried for 50 second(s) with 500 milliseconds interval)
at org.openqa.selenium.support.ui.WebDriverWait.timeoutException(WebDriverWait.java:95)
at org.openqa.selenium.support.ui.FluentWait.until(FluentWait.java:272)
at pageObjects.Registry_Module3_MLE.Validation_Of_Same_Entity_ID_For_Batch(Registry_Module3_MLE.java:3462)
at Tests.Registry_Module3_MLE_Tests.Validation_of_Add_Limited_Exemption_for_same_entity_in_a_batch(Registry_Module3_MLE_Tests.java:1056)
at java.base/jdk.internal.reflect.NativeMethodAccessorImpl.invoke0(Native Method)
at java.base/jdk.internal.reflect.NativeMethodAccessorImpl.invoke(NativeMethodAccessorImpl.java:77)
at java.base/jdk.internal.reflect.DelegatingMethodAccessorImpl.invoke(DelegatingMethodAccessorImpl.java:43)
at java.base/java.lang.reflect.Method.invoke(Method.java:568)
at org.testng.internal.MethodInvocationHelper.invokeMethod(MethodInvocationHelper.java:133)
at org.testng.internal.TestInvoker.invokeMethod(TestInvoker.java:598)
at org.testng.internal.TestInvoker.retryFailed(TestInvoker.java:213)
at org.testng.internal.MethodRunner.runInSequence(MethodRunner.java:58)
at org.testng.internal.TestInvoker$MethodInvocationAgent.invoke(TestInvoker.java:824)
at org.testng.internal.TestInvoker.invokeTestMethods(TestInvoker.java:146)
at org.testng.internal.TestMethodWorker.invokeTestMethods(TestMethodWorker.java:146)
at org.testng.internal.TestMethodWorker.run(TestMethodWorker.java:128)
at java.base/java.util.ArrayList.forEach(ArrayList.java:1511)
at org.testng.TestRunner.privateRun(TestRunner.java:794)
at org.testng.TestRunner.run(TestRunner.java:596)
at org.testng.SuiteRunner.runTest(SuiteRunner.java:377)
at org.testng.SuiteRunner.runSequentially(SuiteRunner.java:371)
at org.testng.SuiteRunner.privateRun(SuiteRunner.java:332)
at org.testng.SuiteRunner.run(SuiteRunner.java:276)
at org.testng.SuiteRunnerWorker.runSuite(SuiteRunnerWorker.java:53)
at org.testng.SuiteRunnerWorker.run(SuiteRunnerWorker.java:96)
at org.testng.TestNG.runSuitesSequentially(TestNG.java:1212)
at org.testng.TestNG.runSuitesLocally(TestNG.java:1134)
at org.testng.TestNG.runSuites(TestNG.java:1063)
at org.testng.TestNG.run(TestNG.java:1031)
at org.testng.remote.AbstractRemoteTestNG.run(AbstractRemoteTestNG.java:115)
at org.testng.remote.RemoteTestNG.initAndRun(RemoteTestNG.java:251)
at org.testng.remote.RemoteTestNG.main(RemoteTestNG.java:77)
Caused by: org.openqa.selenium.NoSuchElementException: no such element: Unable to locate element: {"method":"xpath","selector":"//p[text()="The limited exemption has been successfully added"]"}
  (Session info: chrome=116.0.5845.111)
For documentation on this error, please visit: https://www.seleniumhq.org/exceptions/no_such_element.html
Build info: version: '3.141.59', revision: 'e82be7d358', time: '2018-11-14T08:17:03'
System info: host: 'EQHP-R38G-12', ip: '192.168.0.159', os.name: 'Windows 11', os.arch: 'amd64', os.version: '10.0', java.version: '17.0.6'
Driver info: org.openqa.selenium.chrome.ChromeDriver
Capabilities {acceptInsecureCerts: false, browserName: chrome, browserVersion: 116.0.5845.111, chrome: {chromedriverVersion: 116.0.5845.96 (1a3918166880..., userDataDir: C:\Users\SHIVAN~1\AppData\L...}, fedcm:accounts: true, goog:chromeOptions: {debuggerAddress: localhost:63580}, javascriptEnabled: true, networkConnectionEnabled: false, pageLoadStrategy: normal, platform: WINDOWS, platformName: WINDOWS, proxy: Proxy(), setWindowRect: true, strictFileInteractability: false, timeouts: {implicit: 0, pageLoad: 300000, script: 30000}, unhandledPromptBehavior: dismiss and notify, webauthn:extension:credBlob: true, webauthn:extension:largeBlob: true, webauthn:extension:minPinLength: true, webauthn:extension:prf: true, webauthn:virtualAuthenticators: true}
Session ID: 8d6e9a94aff4036f560af40300c95783
*** Element info: {Using=xpath, value=//p[text()="The limited exemption has been successfully added"]}
at jdk.internal.reflect.GeneratedConstructorAccessor20.newInstance(Unknown Source)
at java.base/jdk.internal.reflect.DelegatingConstructorAccessorImpl.newInstance(DelegatingConstructorAccessorImpl.java:45)
at java.base/java.lang.reflect.Constructor.newInstanceWithCaller(Constructor.java:499)
at java.base/java.lang.reflect.Constructor.newInstance(Constructor.java:480)
at org.openqa.selenium.remote.http.W3CHttpResponseCodec.createException(W3CHttpResponseCodec.java:187)
at org.openqa.selenium.remote.http.W3CHttpResponseCodec.decode(W3CHttpResponseCodec.java:122)
at org.openqa.selenium.remote.http.W3CHttpResponseCodec.decode(W3CHttpResponseCodec.java:49)
at org.openqa.selenium.remote.HttpCommandExecutor.execute(HttpCommandExecutor.java:158)
at org.openqa.selenium.remote.service.DriverCommandExecutor.execute(DriverCommandExecutor.java:83)
at org.openqa.selenium.remote.RemoteWebDriver.execute(RemoteWebDriver.java:552)
at org.openqa.selenium.remote.RemoteWebDriver.findElement(RemoteWebDriver.java:323)
at org.openqa.selenium.remote.RemoteWebDriver.findElementByXPath(RemoteWebDriver.java:428)
at org.openqa.selenium.By$ByXPath.findElement(By.java:353)
at org.openqa.selenium.remote.RemoteWebDriver.findElement(RemoteWebDriver.java:315)
at org.openqa.selenium.support.pagefactory.DefaultElementLocator.findElement(DefaultElementLocator.java:69)
at org.openqa.selenium.support.pagefactory.internal.LocatingElementHandler.invoke(LocatingElementHandler.java:38)
at jdk.proxy2/jdk.proxy2.$Proxy17.isDisplayed(Unknown Source)
at org.openqa.selenium.support.ui.ExpectedConditions.elementIfVisible(ExpectedConditions.java:314)
at org.openqa.selenium.support.ui.ExpectedConditions.access$000(ExpectedConditions.java:43)
at org.openqa.selenium.support.ui.ExpectedConditions$10.apply(ExpectedConditions.java:300)
at org.openqa.selenium.support.ui.ExpectedConditions$10.apply(ExpectedConditions.java:297)
at org.openqa.selenium.support.ui.FluentWait.until(FluentWait.java:249)
... 30 more
]]>
    </error>
  </testcase> <!-- Validation_of_Add_Limited_Exemption_for_same_entity_in_a_batch -->
  <system-out/>
  <testcase classname="Tests.Registry_Module3_MLE_Tests" name="Validation_of_Add_Limited_Exemption_for_same_entity_in_a_batch" time="112.147">
    <skipped/>
  </testcase> <!-- Validation_of_Add_Limited_Exemption_for_same_entity_in_a_batch -->
  <system-out/>
  <testcase classname="Tests.Registry_Module3_MLE_Tests" name="Verification_of_UI_of_Upload_Files_pop_up_of_Create_Limited_Exemptions_page" time="41.547"/>
  <system-out/>
  <testcase classname="Tests.Registry_Module3_MLE_Tests" name="Validation_of_Budget_Year_field_on_the_Create_Limited_Exemption_Batch_page" time="44.284"/>
  <system-out/>
  <testcase classname="Tests.Registry_Module3_MLE_Tests" name="Verification_of_display_approved_Limited_Exemptions_in_Holding_Limits_table_on_Entity_Profile_page" time="142.801"/>
  <system-out/>
  <testcase classname="Tests.Registry_Module3_MLE_Tests" name="UI_verification_of_Manage_Limited_Exemption_section_on_home_page" time="27.541"/>
  <system-out/>
  <testcase classname="Tests.Registry_Module3_MLE_Tests" name="Validation_of_number_of_rows_missing_for_Upload_File_functionality_on_Create_Limited_Exemption_page">
    <skipped/>
  </testcase> <!-- Validation_of_number_of_rows_missing_for_Upload_File_functionality_on_Create_Limited_Exemption_page -->
  <system-out/>
  <testcase classname="Tests.Registry_Module3_MLE_Tests" name="Validation_of_Effective_date_field_for_Upload_File_functionality_on_Create_Limited_Exemption_page">
    <skipped/>
  </testcase> <!-- Validation_of_Effective_date_field_for_Upload_File_functionality_on_Create_Limited_Exemption_page -->
  <system-out/>
  <testcase classname="Tests.Registry_Module3_MLE_Tests" name="Validation_of_Limited_Exemption_quantity_for_Upload_File_functionality_on_Create_Limited_Exemption_page">
    <skipped/>
  </testcase> <!-- Validation_of_Limited_Exemption_quantity_for_Upload_File_functionality_on_Create_Limited_Exemption_page -->
  <system-out/>
  <testcase classname="Tests.Registry_Module3_MLE_Tests" name="Verification_of_Add_Limited_Exemption_by_Upload_File_functionality_for_Revision_Requested_batch_exemption">
    <skipped/>
  </testcase> <!-- Verification_of_Add_Limited_Exemption_by_Upload_File_functionality_for_Revision_Requested_batch_exemption -->
  <system-out/>
  <testcase classname="Tests.Registry_Module3_MLE_Tests" name="Validation_of_Entity_ID_for_Uploading_duplicate_data">
    <skipped/>
  </testcase> <!-- Validation_of_Entity_ID_for_Uploading_duplicate_data -->
  <system-out/>
  <testcase classname="Tests.Registry_Module3_MLE_Tests" name="Verification_of_Add_Limited_Exemption_by_Upload_File_functionality_for_Saved_or_Revision_Requested_batch_exemption">
    <skipped/>
  </testcase> <!-- Verification_of_Add_Limited_Exemption_by_Upload_File_functionality_for_Saved_or_Revision_Requested_batch_exemption -->
  <system-out/>
  <testcase classname="Tests.Registry_Module3_MLE_Tests" name="Validation_of_Upload_File_Functionality_with_file_having_no_records_on_Create_Limited_Exemption_page">
    <skipped/>
  </testcase> <!-- Validation_of_Upload_File_Functionality_with_file_having_no_records_on_Create_Limited_Exemption_page -->
  <system-out/>
  <testcase classname="Tests.Registry_Module3_MLE_Tests" name="Validation_of_file_language_for_Upload_File_functionality_on_Create_Limited_Exemption_page">
    <skipped/>
  </testcase> <!-- Validation_of_file_language_for_Upload_File_functionality_on_Create_Limited_Exemption_page -->
  <system-out/>
  <testcase classname="Tests.Registry_Module3_MLE_Tests" name="Validation_of_Comments_field_for_Upload_File_functionality_on_Create_Limited_Exemption_page">
    <skipped/>
  </testcase> <!-- Validation_of_Comments_field_for_Upload_File_functionality_on_Create_Limited_Exemption_page -->
  <system-out/>
  <testcase classname="Tests.Registry_Module3_MLE_Tests" name="Validation_of_Cancel_button_functionality_for_Upload_Files_on_Create_Limited_Exemption_page">
    <skipped/>
  </testcase> <!-- Validation_of_Cancel_button_functionality_for_Upload_Files_on_Create_Limited_Exemption_page -->
  <system-out/>
  <testcase classname="Tests.Registry_Module3_MLE_Tests" name="UI_Verification_of_Batch_Details_page_for_Jurisidction_Authority_when_Limited_Exemption_batch_is_in_other_than_Proposed_status">
    <skipped/>
  </testcase> <!-- UI_Verification_of_Batch_Details_page_for_Jurisidction_Authority_when_Limited_Exemption_batch_is_in_other_than_Proposed_status -->
  <system-out/>
  <testcase classname="Tests.Registry_Module3_MLE_Tests" name="Validation_of_Upload_File_functionality_with_file_having_no_records_on_Create_Limited_Exemption_page">
    <skipped/>
  </testcase> <!-- Validation_of_Upload_File_functionality_with_file_having_no_records_on_Create_Limited_Exemption_page -->
  <system-out/>
</testsuite> <!-- Tests.Registry_Module3_MLE_Tests -->
